0 info it worked if it ends with ok
1 verbose cli [ 'node', '/usr/local/bin/npm', 'run', 'watch' ]
2 info using npm@2.10.1
3 info using node@v0.12.4
4 verbose node symlink /usr/local/bin/node
5 verbose run-script [ 'prewatch', 'watch', 'postwatch' ]
6 info prewatch @
7 info watch @
8 verbose unsafe-perm in lifecycle true
9 info @ Failed to exec watch script
10 verbose stack Error: @ watch: `webpack --watch`
10 verbose stack Exit status 255
10 verbose stack     at EventEmitter.<anonymous> (/usr/local/lib/node_modules/npm/lib/utils/lifecycle.js:213:16)
10 verbose stack     at EventEmitter.emit (events.js:110:17)
10 verbose stack     at ChildProcess.<anonymous> (/usr/local/lib/node_modules/npm/lib/utils/spawn.js:24:14)
10 verbose stack     at ChildProcess.emit (events.js:110:17)
10 verbose stack     at maybeClose (child_process.js:1015:16)
10 verbose stack     at Process.ChildProcess._handle.onexit (child_process.js:1087:5)
11 verbose pkgid @
12 verbose cwd /Users/bryan/git/khan-mobile-exercises/prototype-core
13 error Darwin 15.2.0
14 error argv "node" "/usr/local/bin/npm" "run" "watch"
15 error node v0.12.4
16 error npm  v2.10.1
17 error code ELIFECYCLE
18 error @ watch: `webpack --watch`
18 error Exit status 255
19 error Failed at the @ watch script 'webpack --watch'.
19 error This is most likely a problem with the  package,
19 error not with npm itself.
19 error Tell the author that this fails on your system:
19 error     webpack --watch
19 error You can get their info via:
19 error     npm owner ls
19 error There is likely additional logging output above.
20 verbose exit [ 1, true ]
